setting 'ivy.default.settings.dir' to 'jar:file:/Users/readman/bin/sbt-launch-0.7.7.jar!/org/apache/ivy/core/settings'
setting 'ivy.basedir' to '/Users/readman/Desktop/Ajax_Example/.'
setting 'ivy.default.conf.dir' to 'jar:file:/Users/readman/bin/sbt-launch-0.7.7.jar!/org/apache/ivy/core/settings'
impossible to define new type: class not found: org.apache.ivy.plugins.version.PatternVersionMatcher in [] nor Ivy classloader
impossible to define new type: class not found: org.apache.ivy.plugins.trigger.LogTrigger in [] nor Ivy classloader
impossible to define new type: class not found: org.apache.ivy.plugins.resolver.VsftpResolver in [] nor Ivy classloader
impossible to define new type: class not found: org.apache.ivy.plugins.conflict.RegexpConflictManager in [] nor Ivy classloader
impossible to define new type: class not found: org.apache.ivy.plugins.resolver.SshResolver in [] nor Ivy classloader
impossible to define new type: class not found: org.apache.ivy.plugins.resolver.VfsResolver in [] nor Ivy classloader
impossible to define new type: class not found: org.apache.ivy.plugins.signer.bouncycastle.OpenPGPSignatureGenerator in [] nor Ivy classloader
impossible to define new type: class not found: org.apache.ivy.plugins.resolver.SFTPResolver in [] nor Ivy classloader
impossible to define new type: class not found: org.apache.ivy.plugins.resolver.packager.PackagerResolver in [] nor Ivy classloader
impossible to define new type: class not found: org.apache.ivy.ant.AntCallTrigger in [] nor Ivy classloader
impossible to define new type: class not found: org.apache.ivy.plugins.resolver.IvyRepResolver in [] nor Ivy classloader
impossible to define new type: class not found: org.apache.ivy.ant.AntBuildTrigger in [] nor Ivy classloader
impossible to define glob matcher: org.apache.ivy.plugins.matcher.GlobPatternMatcher was not found.
setting 'java.runtime.name' to 'Java(TM) SE Runtime Environment'
setting 'sun.boot.library.path' to '/System/Library/Java/JavaVirtualMachines/1.6.0.jdk/Contents/Libraries'
setting 'java.vm.version' to '20.6-b01-415'
setting 'awt.nativeDoubleBuffering' to 'true'
setting 'gopherProxySet' to 'false'
setting 'jline.terminal' to 'jline.UnsupportedTerminal'
setting 'mrj.build' to '11M3635'
setting 'java.vm.vendor' to 'Apple Inc.'
setting 'java.vendor.url' to 'http://www.apple.com/'
setting 'path.separator' to ':'
setting 'java.vm.name' to 'Java HotSpot(TM) 64-Bit Server VM'
setting 'file.encoding.pkg' to 'sun.io'
setting 'sun.java.launcher' to 'SUN_STANDARD'
setting 'user.country' to 'US'
setting 'sun.os.patch.level' to 'unknown'
setting 'java.vm.specification.name' to 'Java Virtual Machine Specification'
setting 'user.dir' to '/Users/readman/Desktop/Ajax_Example'
setting 'java.runtime.version' to '1.6.0_31-b04-415-11M3635'
setting 'java.awt.graphicsenv' to 'apple.awt.CGraphicsEnvironment'
setting 'java.endorsed.dirs' to '/System/Library/Java/JavaVirtualMachines/1.6.0.jdk/Contents/Home/lib/endorsed'
setting 'os.arch' to 'x86_64'
setting 'java.io.tmpdir' to '/var/folders/2r/l3zxw1h90ksfs8c6x6s9kyl80000gn/T/'
setting 'line.separator' to '
'
setting 'java.vm.specification.vendor' to 'Sun Microsystems Inc.'
setting 'os.name' to 'Mac OS X'
setting 'sbt.log.noformat' to 'true'
setting 'sun.jnu.encoding' to 'MacRoman'
setting 'java.library.path' to '/Applications/IntelliJ IDEA 11.app/Contents/Resources/Java:/System/Library/PrivateFrameworks/JavaApplicationLauncher.framework/Resources:.:/Library/Java/Extensions:/System/Library/Java/Extensions:/usr/lib/java'
setting 'java.specification.name' to 'Java Platform API Specification'
setting 'java.class.version' to '50.0'
setting 'sun.management.compiler' to 'HotSpot 64-Bit Tiered Compilers'
setting 'os.version' to '10.7.3'
setting 'http.nonProxyHosts' to 'local|*.local|169.254/16|*.169.254/16'
setting 'user.home' to '/Users/readman'
setting 'user.timezone' to 'America/Chicago'
setting 'java.awt.printerjob' to 'apple.awt.CPrinterJob'
setting 'file.encoding' to 'MacRoman'
setting 'java.specification.version' to '1.6'
setting 'java.class.path' to '/Users/readman/bin/sbt-launch-0.7.7.jar'
setting 'user.name' to 'readman'
setting 'java.vm.specification.version' to '1.0'
setting 'sun.java.command' to '/Users/readman/bin/sbt-launch-0.7.7.jar'
setting 'java.home' to '/System/Library/Java/JavaVirtualMachines/1.6.0.jdk/Contents/Home'
setting 'sun.arch.data.model' to '64'
setting 'user.language' to 'en'
setting 'java.specification.vendor' to 'Sun Microsystems Inc.'
setting 'awt.toolkit' to 'apple.awt.CToolkit'
setting 'java.vm.info' to 'mixed mode'
setting 'java.version' to '1.6.0_31'
setting 'java.ext.dirs' to '/Library/Java/Extensions:/System/Library/Java/Extensions:/System/Library/Java/JavaVirtualMachines/1.6.0.jdk/Contents/Home/lib/ext'
setting 'sun.boot.class.path' to '/System/Library/Java/JavaVirtualMachines/1.6.0.jdk/Contents/Classes/jsfd.jar:/System/Library/Java/JavaVirtualMachines/1.6.0.jdk/Contents/Classes/classes.jar:/System/Library/Frameworks/JavaVM.framework/Frameworks/JavaRuntimeSupport.framework/Resources/Java/JavaRuntimeSupport.jar:/System/Library/Java/JavaVirtualMachines/1.6.0.jdk/Contents/Classes/ui.jar:/System/Library/Java/JavaVirtualMachines/1.6.0.jdk/Contents/Classes/laf.jar:/System/Library/Java/JavaVirtualMachines/1.6.0.jdk/Contents/Classes/sunrsasign.jar:/System/Library/Java/JavaVirtualMachines/1.6.0.jdk/Contents/Classes/jsse.jar:/System/Library/Java/JavaVirtualMachines/1.6.0.jdk/Contents/Classes/jce.jar:/System/Library/Java/JavaVirtualMachines/1.6.0.jdk/Contents/Classes/charsets.jar'
setting 'java.vendor' to 'Apple Inc.'
setting 'file.separator' to '/'
setting 'java.vendor.url.bug' to 'http://bugreport.apple.com/'
setting 'sun.io.unicode.encoding' to 'UnicodeLittle'
setting 'sun.cpu.endian' to 'little'
setting 'mrj.version' to '1070.1.6.0_31-415'
setting 'socksNonProxyHosts' to 'local|*.local|169.254/16|*.169.254/16'
setting 'ftp.nonProxyHosts' to 'local|*.local|169.254/16|*.169.254/16'
setting 'sun.cpu.isalist' to ''
setting 'ivy.default.ivy.user.dir' to '/Users/readman/.ivy2'
setting 'ivy.home' to '/Users/readman/.ivy2'
no default ivy user dir defined: set to /Users/readman/.ivy2
setting 'ivy.cache.dir' to '/Users/readman/.ivy2/cache'
no default cache defined: set to /Users/readman/.ivy2/cache
setting 'ivy.basedir' to '/Users/readman/Desktop/Ajax_Example/project/boot'
setting 'basedir' to '/Users/readman/Desktop/Ajax_Example/project/boot'
setting 'scala' to ''
:: resolving dependencies :: org.scala-tools.sbt#boot-app;1.0
	confs: [default]
	validate = true
	refresh = false
resolving dependencies for configuration 'default'
== resolving dependencies for org.scala-tools.sbt#boot-app;1.0 [default]
loadData of org.scala-tools.sbt#boot-app;1.0 of rootConf=default
== resolving dependencies org.scala-tools.sbt#boot-app;1.0->net.java.dev.jna#jna;3.2.3 [default->default(compile)]
loadData of net.java.dev.jna#jna;3.2.3 of rootConf=default
	using redefined-public to resolve net.java.dev.jna#jna;3.2.3
redefined-public: Checking cache for: dependency: net.java.dev.jna#jna;3.2.3 {default=[default(compile)]}
redefined-public: no namespace defined: using system
No entry is found in the ModuleDescriptorCache : /Users/readman/.ivy2/cache/net.java.dev.jna/jna/ivy-3.2.3.xml
post 1.3 ivy file: using exact as default matcher
	resolver not found: sbt-chain => trying to use the one configured for net.java.dev.jna#jna;3.2.3
	configured resolver found for net.java.dev.jna#jna;3.2.3: redefined-public: saving this data
	found ivy file in cache for net.java.dev.jna#jna;3.2.3 (resolved by redefined-public): /Users/readman/.ivy2/cache/net.java.dev.jna/jna/ivy-3.2.3.xml
redefined-public: module revision found in cache: net.java.dev.jna#jna;3.2.3
redefined-public: no latest strategy defined: using default
	found net.java.dev.jna#jna;3.2.3 in redefined-public
== resolving dependencies org.scala-tools.sbt#boot-app;1.0->net.java.dev.jna#jna;3.2.3 [default->runtime]
loadData of net.java.dev.jna#jna;3.2.3 of rootConf=default
== resolving dependencies org.scala-tools.sbt#boot-app;1.0->net.java.dev.jna#jna;3.2.3 [default->compile]
loadData of net.java.dev.jna#jna;3.2.3 of rootConf=default
== resolving dependencies org.scala-tools.sbt#boot-app;1.0->net.java.dev.jna#jna;3.2.3 [default->master]
loadData of net.java.dev.jna#jna;3.2.3 of rootConf=default
Nbr of module to sort : 1
Sort dependencies of : net.java.dev.jna#jna;3.2.3 / Number of dependencies = 0
Sort done for : net.java.dev.jna#jna;3.2.3
	resolved ivy file produced in /Users/readman/.ivy2/cache/resolved-org.scala-tools.sbt-boot-app-1.0.xml
:: downloading artifacts ::
	[NOT REQUIRED] net.java.dev.jna#jna;3.2.3!jna.jar
:: resolution report :: resolve 153ms :: artifacts dl 3ms
Nbr of module to sort : 1
Sort dependencies of : net.java.dev.jna#jna;3.2.3 / Number of dependencies = 0
Sort done for : net.java.dev.jna#jna;3.2.3
	report for org.scala-tools.sbt#boot-app;1.0 default produced in /Users/readman/.ivy2/cache/org.scala-tools.sbt-boot-app-default.xml
	resolve done (153ms resolve - 3ms download)
:: retrieving :: org.scala-tools.sbt#boot-app
	checkUpToDate=true
no explicit confs given for retrieve, using ivy file: /Users/readman/.ivy2/cache/resolved-org.scala-tools.sbt-boot-app-1.0.xml
using ivy parser to parse /Users/readman/.ivy2/cache/resolved-org.scala-tools.sbt-boot-app-1.0.xml
post 1.3 ivy file: using exact as default matcher
	confs: [default]
	retrieving /Users/readman/.ivy2/cache/net.java.dev.jna/jna/jars/jna-3.2.3.jar
		to /Users/readman/Desktop/Ajax_Example/project/boot/other/net.java.dev.jna/jna/3.2.3/jna-3.2.3.jar
	1 artifacts copied, 0 already retrieved (838kB/20ms)
	retrieve done (20ms)
